<?xml version="1.0" encoding="UTF-8"?>
<!-- Generated by org.testng.reporters.JUnitReportReporter -->
<testsuite hostname="Lenovo-PC" name="com.pack.two.TestB" tests="2" failures="0" timestamp="22 Mar 2015 11:26:26 GMT" time="0.000" errors="0">
  <testcase name="testOne" time="0.000" classname="com.pack.two.TestB"/>
  <testcase name="testTwo" time="0.000" classname="com.pack.two.TestB"/>
</testsuite> <!-- com.pack.two.TestB -->
