<?xml version="1.0" encoding="UTF-8"?>
<!-- Generated by org.testng.reporters.JUnitReportReporter -->
<testsuite hostname="Lenovo-PC" name="com.pack.one.TestA" tests="2" failures="0" timestamp="22 Mar 2015 19:29:52 GMT" time="0.002" errors="0">
  <testcase name="testOne" time="0.001" classname="com.pack.one.TestA"/>
  <testcase name="testTwo" time="0.001" classname="com.pack.one.TestA"/>
</testsuite> <!-- com.pack.one.TestA -->
